{"contracts\\Factory.sol":{"l":{"25":81,"40":26,"55":26,"56":26,"66":22,"75":22},"path":"C:\\Users\\Dimaranti\\Desktop\\NFT lottary\\contracts\\Factory.sol","s":{"1":81,"2":26,"3":26,"4":26,"5":22,"6":22},"b":{},"f":{"1":81,"2":26},"fnMap":{"1":{"name":"constructor","line":24,"loc":{"start":{"line":24,"column":4},"end":{"line":26,"column":4}}},"2":{"name":"createLottery","line":38,"loc":{"start":{"line":31,"column":4},"end":{"line":76,"column":4}}}},"statementMap":{"1":{"start":{"line":25,"column":8},"end":{"line":25,"column":54}},"2":{"start":{"line":40,"column":8},"end":{"line":40,"column":1121}},"3":{"start":{"line":55,"column":8},"end":{"line":55,"column":48}},"4":{"start":{"line":56,"column":8},"end":{"line":56,"column":1588}},"5":{"start":{"line":66,"column":8},"end":{"line":66,"column":1802}},"6":{"start":{"line":75,"column":8},"end":{"line":75,"column":22}}},"branchMap":{}},"contracts\\Ticket.sol":{"l":{"65":26,"66":1,"69":25,"70":2,"73":23,"74":1,"77":22,"78":22,"80":22,"81":22,"82":22,"83":22,"90":54,"91":1,"94":53,"95":1,"98":52,"100":52,"101":1,"104":51,"105":51,"108":51,"109":1,"113":1,"114":0,"124":8,"125":2,"128":6,"130":6,"131":1,"134":5,"135":5,"137":5,"138":5,"140":5,"148":4,"149":1,"152":3,"153":1,"156":2,"158":2,"159":1,"162":1,"164":1,"166":1,"167":1,"169":1,"176":5,"178":5,"179":2,"182":3,"183":1,"186":2,"188":2,"190":2,"191":0,"205":2,"206":1,"209":1,"216":6,"223":6},"path":"C:\\Users\\Dimaranti\\Desktop\\NFT lottary\\contracts\\Ticket.sol","s":{"1":26,"2":25,"3":23,"4":22,"5":22,"6":22,"7":22,"8":22,"9":22,"10":54,"11":53,"12":52,"13":52,"14":51,"15":51,"16":51,"17":1,"18":1,"19":8,"20":6,"21":6,"22":5,"23":5,"24":5,"25":5,"26":5,"27":4,"28":3,"29":2,"30":2,"31":1,"32":1,"33":1,"34":1,"35":1,"36":5,"37":5,"38":3,"39":2,"40":2,"41":2,"42":2,"43":1,"44":6,"45":6},"b":{"1":[1,25],"2":[2,23],"3":[1,22],"4":[1,53],"5":[1,52],"6":[1,51],"7":[1,50],"8":[0,1],"9":[2,6],"10":[1,5],"11":[1,3],"12":[1,2],"13":[1,1],"14":[2,3],"15":[1,2],"16":[0,2],"17":[1,1]},"f":{"1":26,"2":54,"3":8,"4":4,"5":5,"6":2,"7":6,"8":6},"fnMap":{"1":{"name":"initialize","line":64,"loc":{"start":{"line":56,"column":4},"end":{"line":84,"column":4}}},"2":{"name":"buyTicket","line":89,"loc":{"start":{"line":89,"column":4},"end":{"line":117,"column":4}}},"3":{"name":"drawFinalWinner","line":123,"loc":{"start":{"line":123,"column":4},"end":{"line":141,"column":4}}},"4":{"name":"drawSurpriseWinner","line":147,"loc":{"start":{"line":147,"column":4},"end":{"line":170,"column":4}}},"5":{"name":"withdrawWinsForTicket","line":175,"loc":{"start":{"line":175,"column":4},"end":{"line":193,"column":4}}},"6":{"name":"tokenURI","line":198,"loc":{"start":{"line":198,"column":4},"end":{"line":210,"column":4}}},"7":{"name":"pickWinner","line":215,"loc":{"start":{"line":215,"column":4},"end":{"line":217,"column":4}}},"8":{"name":"random","line":222,"loc":{"start":{"line":222,"column":4},"end":{"line":227,"column":4}}}},"statementMap":{"1":{"start":{"line":65,"column":8},"end":{"line":65,"column":1956}},"2":{"start":{"line":69,"column":8},"end":{"line":69,"column":2065}},"3":{"start":{"line":73,"column":8},"end":{"line":73,"column":2183}},"4":{"start":{"line":77,"column":8},"end":{"line":77,"column":34}},"5":{"start":{"line":78,"column":8},"end":{"line":78,"column":32}},"6":{"start":{"line":80,"column":8},"end":{"line":80,"column":32}},"7":{"start":{"line":81,"column":8},"end":{"line":81,"column":28}},"8":{"start":{"line":82,"column":8},"end":{"line":82,"column":34}},"9":{"start":{"line":83,"column":8},"end":{"line":83,"column":30}},"10":{"start":{"line":90,"column":8},"end":{"line":90,"column":2656}},"11":{"start":{"line":94,"column":8},"end":{"line":94,"column":2756}},"12":{"start":{"line":98,"column":8},"end":{"line":98,"column":43}},"13":{"start":{"line":100,"column":8},"end":{"line":100,"column":2901}},"14":{"start":{"line":104,"column":8},"end":{"line":104,"column":45}},"15":{"start":{"line":105,"column":8},"end":{"line":105,"column":37}},"16":{"start":{"line":108,"column":8},"end":{"line":108,"column":3154}},"17":{"start":{"line":109,"column":12},"end":{"line":109,"column":3203}},"18":{"start":{"line":113,"column":12},"end":{"line":113,"column":3321}},"19":{"start":{"line":124,"column":8},"end":{"line":124,"column":3644}},"20":{"start":{"line":128,"column":8},"end":{"line":128,"column":47}},"21":{"start":{"line":130,"column":8},"end":{"line":130,"column":3821}},"22":{"start":{"line":134,"column":8},"end":{"line":134,"column":37}},"23":{"start":{"line":135,"column":8},"end":{"line":135,"column":41}},"24":{"start":{"line":137,"column":8},"end":{"line":137,"column":44}},"25":{"start":{"line":138,"column":8},"end":{"line":138,"column":26}},"26":{"start":{"line":140,"column":8},"end":{"line":140,"column":65}},"27":{"start":{"line":148,"column":8},"end":{"line":148,"column":4392}},"28":{"start":{"line":152,"column":8},"end":{"line":152,"column":4492}},"29":{"start":{"line":156,"column":8},"end":{"line":156,"column":47}},"30":{"start":{"line":158,"column":8},"end":{"line":158,"column":4641}},"31":{"start":{"line":162,"column":8},"end":{"line":162,"column":37}},"32":{"start":{"line":164,"column":8},"end":{"line":164,"column":45}},"33":{"start":{"line":166,"column":8},"end":{"line":166,"column":44}},"34":{"start":{"line":167,"column":8},"end":{"line":167,"column":35}},"35":{"start":{"line":169,"column":8},"end":{"line":169,"column":68}},"36":{"start":{"line":176,"column":8},"end":{"line":176,"column":57}},"37":{"start":{"line":178,"column":8},"end":{"line":178,"column":5195}},"38":{"start":{"line":182,"column":8},"end":{"line":182,"column":5287}},"39":{"start":{"line":186,"column":8},"end":{"line":186,"column":37}},"40":{"start":{"line":188,"column":8},"end":{"line":188,"column":67}},"41":{"start":{"line":190,"column":8},"end":{"line":190,"column":5539}},"42":{"start":{"line":205,"column":8},"end":{"line":205,"column":5830}},"43":{"start":{"line":209,"column":8},"end":{"line":209,"column":26}},"44":{"start":{"line":216,"column":8},"end":{"line":216,"column":43}},"45":{"start":{"line":223,"column":8},"end":{"line":223,"column":6308}}},"branchMap":{"1":{"line":65,"type":"if","locations":[{"start":{"line":65,"column":8},"end":{"line":65,"column":8}},{"start":{"line":65,"column":8},"end":{"line":65,"column":8}}]},"2":{"line":69,"type":"if","locations":[{"start":{"line":69,"column":8},"end":{"line":69,"column":8}},{"start":{"line":69,"column":8},"end":{"line":69,"column":8}}]},"3":{"line":73,"type":"if","locations":[{"start":{"line":73,"column":8},"end":{"line":73,"column":8}},{"start":{"line":73,"column":8},"end":{"line":73,"column":8}}]},"4":{"line":90,"type":"if","locations":[{"start":{"line":90,"column":8},"end":{"line":90,"column":8}},{"start":{"line":90,"column":8},"end":{"line":90,"column":8}}]},"5":{"line":94,"type":"if","locations":[{"start":{"line":94,"column":8},"end":{"line":94,"column":8}},{"start":{"line":94,"column":8},"end":{"line":94,"column":8}}]},"6":{"line":100,"type":"if","locations":[{"start":{"line":100,"column":8},"end":{"line":100,"column":8}},{"start":{"line":100,"column":8},"end":{"line":100,"column":8}}]},"7":{"line":108,"type":"if","locations":[{"start":{"line":108,"column":8},"end":{"line":108,"column":8}},{"start":{"line":108,"column":8},"end":{"line":108,"column":8}}]},"8":{"line":113,"type":"if","locations":[{"start":{"line":113,"column":12},"end":{"line":113,"column":12}},{"start":{"line":113,"column":12},"end":{"line":113,"column":12}}]},"9":{"line":124,"type":"if","locations":[{"start":{"line":124,"column":8},"end":{"line":124,"column":8}},{"start":{"line":124,"column":8},"end":{"line":124,"column":8}}]},"10":{"line":130,"type":"if","locations":[{"start":{"line":130,"column":8},"end":{"line":130,"column":8}},{"start":{"line":130,"column":8},"end":{"line":130,"column":8}}]},"11":{"line":148,"type":"if","locations":[{"start":{"line":148,"column":8},"end":{"line":148,"column":8}},{"start":{"line":148,"column":8},"end":{"line":148,"column":8}}]},"12":{"line":152,"type":"if","locations":[{"start":{"line":152,"column":8},"end":{"line":152,"column":8}},{"start":{"line":152,"column":8},"end":{"line":152,"column":8}}]},"13":{"line":158,"type":"if","locations":[{"start":{"line":158,"column":8},"end":{"line":158,"column":8}},{"start":{"line":158,"column":8},"end":{"line":158,"column":8}}]},"14":{"line":178,"type":"if","locations":[{"start":{"line":178,"column":8},"end":{"line":178,"column":8}},{"start":{"line":178,"column":8},"end":{"line":178,"column":8}}]},"15":{"line":182,"type":"if","locations":[{"start":{"line":182,"column":8},"end":{"line":182,"column":8}},{"start":{"line":182,"column":8},"end":{"line":182,"column":8}}]},"16":{"line":190,"type":"if","locations":[{"start":{"line":190,"column":8},"end":{"line":190,"column":8}},{"start":{"line":190,"column":8},"end":{"line":190,"column":8}}]},"17":{"line":205,"type":"if","locations":[{"start":{"line":205,"column":8},"end":{"line":205,"column":8}},{"start":{"line":205,"column":8},"end":{"line":205,"column":8}}]}}}}